<?xml version="1.0" encoding="UTF-8"?>
<!-- Generated by org.testng.reporters.JUnitReportReporter -->
<testsuite skipped="0" hostname="DESKTOP-4U9JETB" name="com.Project.Main.LoginPage" tests="4" failures="0" timestamp="26 Aug 2020 05:52:26 GMT" time="10.133" errors="0">
  <testcase name="login" time="1.310" classname="com.Project.Main.LoginPage"/>
  <testcase name="login" time="1.621" classname="com.Project.Main.LoginPage"/>
  <testcase name="signUp" time="2.668" classname="com.Project.Main.LoginPage"/>
  <testcase name="login" time="4.534" classname="com.Project.Main.LoginPage"/>
</testsuite> <!-- com.Project.Main.LoginPage -->
