<?xml version="1.0" encoding="UTF-8"?>
<!-- Generated by org.testng.reporters.JUnitReportReporter -->
<testsuite skipped="0" hostname="DESKTOP-4U9JETB" name="com.Project.Main.LoginPage" tests="4" failures="0" timestamp="27 Aug 2020 11:27:38 GMT" time="10.807" errors="0">
  <testcase name="login" time="1.855" classname="com.Project.Main.LoginPage"/>
  <testcase name="signUp" time="1.841" classname="com.Project.Main.LoginPage"/>
  <testcase name="login" time="2.637" classname="com.Project.Main.LoginPage"/>
  <testcase name="login" time="4.474" classname="com.Project.Main.LoginPage"/>
</testsuite> <!-- com.Project.Main.LoginPage -->
