<?xml version="1.0" encoding="UTF-8"?>
<!-- Generated by org.testng.reporters.JUnitReportReporter -->
<testsuite skipped="0" hostname="DESKTOP-4U9JETB" name="com.Project.Main.LoginPage" tests="4" failures="0" timestamp="27 Aug 2020 07:22:59 GMT" time="5.421" errors="0">
  <testcase name="login" time="2.703" classname="com.Project.Main.LoginPage"/>
  <testcase name="login" time="0.938" classname="com.Project.Main.LoginPage"/>
  <testcase name="signUp" time="0.832" classname="com.Project.Main.LoginPage"/>
  <testcase name="login" time="0.948" classname="com.Project.Main.LoginPage"/>
</testsuite> <!-- com.Project.Main.LoginPage -->
