<?xml version="1.0" encoding="UTF-8"?>
<!-- Generated by org.testng.reporters.JUnitReportReporter -->
<testsuite skipped="0" hostname="DESKTOP-4U9JETB" name="com.Project.Main.LoginPage" tests="4" failures="0" timestamp="26 Aug 2020 15:05:14 GMT" time="7.869" errors="0">
  <testcase name="login" time="4.743" classname="com.Project.Main.LoginPage"/>
  <testcase name="login" time="0.985" classname="com.Project.Main.LoginPage"/>
  <testcase name="signUp" time="1.164" classname="com.Project.Main.LoginPage"/>
  <testcase name="login" time="0.977" classname="com.Project.Main.LoginPage"/>
</testsuite> <!-- com.Project.Main.LoginPage -->
